yarn list v0.27.5
├─ ansi-regex@1.1.1
├─ ansi-styles@2.2.1
├─ async@2.5.0
│  └─ lodash@^4.14.0
├─ big.js@3.1.3
├─ chalk@1.0.0
│  ├─ ansi-styles@^2.0.1
│  ├─ escape-string-regexp@^1.0.2
│  ├─ has-ansi@^1.0.3
│  ├─ strip-ansi@^2.0.1
│  └─ supports-color@^1.3.0
├─ clone-deep@0.3.0
│  ├─ for-own@^1.0.0
│  ├─ is-plain-object@^2.0.1
│  ├─ kind-of@^3.2.2
│  └─ shallow-clone@^0.1.2
├─ coffee-loader@0.7.3
│  └─ loader-utils@^1.0.2
├─ coffee-script@1.12.7
├─ compass@0.1.1
├─ django@0.5.1
│  ├─ async@~0.9.0
│  ├─ async@0.9.2
│  ├─ chalk@~1.0.0
│  └─ extend@~2.0.0
├─ emojis-list@2.1.0
├─ escape-string-regexp@1.0.5
├─ extend@2.0.1
├─ for-in@1.0.2
├─ for-own@1.0.0
│  └─ for-in@^1.0.1
├─ get-stdin@4.0.1
├─ haml-coffee@1.14.1
│  ├─ coffee-script@>= 1.1.3
│  ├─ optimist@~0.6.0
│  └─ walkdir@~0.0.7
├─ haml-loader@0.1.0
│  ├─ haml-coffee@^1.14.1
│  ├─ loader-utils@0.2.17
│  │  ├─ big.js@^3.1.3
│  │  ├─ emojis-list@^2.0.0
│  │  ├─ json5@^0.5.0
│  │  └─ object-assign@^4.0.1
│  └─ loader-utils@0.2.x
├─ haml@0.4.3
├─ has-ansi@1.0.3
│  ├─ ansi-regex@^1.1.0
│  └─ get-stdin@^4.0.1
├─ is-buffer@1.1.5
├─ is-extendable@0.1.1
├─ is-plain-object@2.0.4
│  └─ isobject@^3.0.1
├─ isobject@3.0.1
├─ json5@0.5.1
├─ kind-of@3.2.2
│  └─ is-buffer@^1.1.5
├─ lazy-cache@0.2.7
├─ loader-utils@1.1.0
│  ├─ big.js@^3.1.3
│  ├─ emojis-list@^2.0.0
│  └─ json5@^0.5.0
├─ lodash.tail@4.1.1
├─ lodash@4.17.4
├─ minimist@0.0.10
├─ mixin-object@2.0.1
│  ├─ for-in@^0.1.3
│  ├─ for-in@0.1.8
│  └─ is-extendable@^0.1.1
├─ object-assign@4.1.1
├─ optimist@0.6.1
│  ├─ minimist@~0.0.1
│  └─ wordwrap@~0.0.2
├─ pify@3.0.0
├─ sass-loader@6.0.6
│  ├─ async@^2.1.5
│  ├─ clone-deep@^0.3.0
│  ├─ loader-utils@^1.0.1
│  ├─ lodash.tail@^4.1.1
│  └─ pify@^3.0.0
├─ sass@1.0.0-beta.2
├─ shallow-clone@0.1.2
│  ├─ is-extendable@^0.1.1
│  ├─ kind-of@^2.0.1
│  ├─ kind-of@2.0.1
│  │  └─ is-buffer@^1.0.2
│  ├─ lazy-cache@^0.2.3
│  └─ mixin-object@^2.0.1
├─ strip-ansi@2.0.1
│  └─ ansi-regex@^1.0.0
├─ supports-color@1.3.1
├─ walkdir@0.0.11
└─ wordwrap@0.0.3
Done in 0.16s.
yarn list v0.27.5
├─ ansi-regex@1.1.1
├─ ansi-styles@2.2.1
├─ async@2.5.0
│  └─ lodash@^4.14.0
├─ big.js@3.1.3
├─ chalk@1.0.0
│  ├─ ansi-styles@^2.0.1
│  ├─ escape-string-regexp@^1.0.2
│  ├─ has-ansi@^1.0.3
│  ├─ strip-ansi@^2.0.1
│  └─ supports-color@^1.3.0
├─ clone-deep@0.3.0
│  ├─ for-own@^1.0.0
│  ├─ is-plain-object@^2.0.1
│  ├─ kind-of@^3.2.2
│  └─ shallow-clone@^0.1.2
├─ coffee-loader@0.7.3
│  └─ loader-utils@^1.0.2
├─ coffee-script@1.12.7
├─ compass@0.1.1
├─ django@0.5.1
│  ├─ async@~0.9.0
│  ├─ async@0.9.2
│  ├─ chalk@~1.0.0
│  └─ extend@~2.0.0
├─ emojis-list@2.1.0
├─ escape-string-regexp@1.0.5
├─ extend@2.0.1
├─ for-in@1.0.2
├─ for-own@1.0.0
│  └─ for-in@^1.0.1
├─ get-stdin@4.0.1
├─ haml-coffee@1.14.1
│  ├─ coffee-script@>= 1.1.3
│  ├─ optimist@~0.6.0
│  └─ walkdir@~0.0.7
├─ haml-loader@0.1.0
│  ├─ haml-coffee@^1.14.1
│  ├─ loader-utils@0.2.17
│  │  ├─ big.js@^3.1.3
│  │  ├─ emojis-list@^2.0.0
│  │  ├─ json5@^0.5.0
│  │  └─ object-assign@^4.0.1
│  └─ loader-utils@0.2.x
├─ haml@0.4.3
├─ has-ansi@1.0.3
│  ├─ ansi-regex@^1.1.0
│  └─ get-stdin@^4.0.1
├─ is-buffer@1.1.5
├─ is-extendable@0.1.1
├─ is-plain-object@2.0.4
│  └─ isobject@^3.0.1
├─ isobject@3.0.1
├─ json5@0.5.1
├─ kind-of@3.2.2
│  └─ is-buffer@^1.1.5
├─ lazy-cache@0.2.7
├─ loader-utils@1.1.0
│  ├─ big.js@^3.1.3
│  ├─ emojis-list@^2.0.0
│  └─ json5@^0.5.0
├─ lodash.tail@4.1.1
├─ lodash@4.17.4
├─ minimist@0.0.10
├─ mixin-object@2.0.1
│  ├─ for-in@^0.1.3
│  ├─ for-in@0.1.8
│  └─ is-extendable@^0.1.1
├─ object-assign@4.1.1
├─ optimist@0.6.1
│  ├─ minimist@~0.0.1
│  └─ wordwrap@~0.0.2
├─ pify@3.0.0
├─ sass-loader@6.0.6
│  ├─ async@^2.1.5
│  ├─ clone-deep@^0.3.0
│  ├─ loader-utils@^1.0.1
│  ├─ lodash.tail@^4.1.1
│  └─ pify@^3.0.0
├─ sass@1.0.0-beta.2
├─ shallow-clone@0.1.2
│  ├─ is-extendable@^0.1.1
│  ├─ kind-of@^2.0.1
│  ├─ kind-of@2.0.1
│  │  └─ is-buffer@^1.0.2
│  ├─ lazy-cache@^0.2.3
│  └─ mixin-object@^2.0.1
├─ strip-ansi@2.0.1
│  └─ ansi-regex@^1.0.0
├─ supports-color@1.3.1
├─ walkdir@0.0.11
└─ wordwrap@0.0.3
Done in 0.16s.
yarn list v0.27.5
├─ ansi-regex@1.1.1
├─ ansi-styles@2.2.1
├─ async@2.5.0
│  └─ lodash@^4.14.0
├─ big.js@3.1.3
├─ chalk@1.0.0
│  ├─ ansi-styles@^2.0.1
│  ├─ escape-string-regexp@^1.0.2
│  ├─ has-ansi@^1.0.3
│  ├─ strip-ansi@^2.0.1
│  └─ supports-color@^1.3.0
├─ clone-deep@0.3.0
│  ├─ for-own@^1.0.0
│  ├─ is-plain-object@^2.0.1
│  ├─ kind-of@^3.2.2
│  └─ shallow-clone@^0.1.2
├─ coffee-loader@0.7.3
│  └─ loader-utils@^1.0.2
├─ coffee-script@1.12.7
├─ compass@0.1.1
├─ django@0.5.1
│  ├─ async@~0.9.0
│  ├─ async@0.9.2
│  ├─ chalk@~1.0.0
│  └─ extend@~2.0.0
├─ emojis-list@2.1.0
├─ escape-string-regexp@1.0.5
├─ extend@2.0.1
├─ for-in@1.0.2
├─ for-own@1.0.0
│  └─ for-in@^1.0.1
├─ get-stdin@4.0.1
├─ haml-coffee@1.14.1
│  ├─ coffee-script@>= 1.1.3
│  ├─ optimist@~0.6.0
│  └─ walkdir@~0.0.7
├─ haml-loader@0.1.0
│  ├─ haml-coffee@^1.14.1
│  ├─ loader-utils@0.2.17
│  │  ├─ big.js@^3.1.3
│  │  ├─ emojis-list@^2.0.0
│  │  ├─ json5@^0.5.0
│  │  └─ object-assign@^4.0.1
│  └─ loader-utils@0.2.x
├─ haml@0.4.3
├─ has-ansi@1.0.3
│  ├─ ansi-regex@^1.1.0
│  └─ get-stdin@^4.0.1
├─ is-buffer@1.1.5
├─ is-extendable@0.1.1
├─ is-plain-object@2.0.4
│  └─ isobject@^3.0.1
├─ isobject@3.0.1
├─ json5@0.5.1
├─ kind-of@3.2.2
│  └─ is-buffer@^1.1.5
├─ lazy-cache@0.2.7
├─ loader-utils@1.1.0
│  ├─ big.js@^3.1.3
│  ├─ emojis-list@^2.0.0
│  └─ json5@^0.5.0
├─ lodash.tail@4.1.1
├─ lodash@4.17.4
├─ minimist@0.0.10
├─ mixin-object@2.0.1
│  ├─ for-in@^0.1.3
│  ├─ for-in@0.1.8
│  └─ is-extendable@^0.1.1
├─ object-assign@4.1.1
├─ optimist@0.6.1
│  ├─ minimist@~0.0.1
│  └─ wordwrap@~0.0.2
├─ pify@3.0.0
├─ sass-loader@6.0.6
│  ├─ async@^2.1.5
│  ├─ clone-deep@^0.3.0
│  ├─ loader-utils@^1.0.1
│  ├─ lodash.tail@^4.1.1
│  └─ pify@^3.0.0
├─ sass@1.0.0-beta.2
├─ shallow-clone@0.1.2
│  ├─ is-extendable@^0.1.1
│  ├─ kind-of@^2.0.1
│  ├─ kind-of@2.0.1
│  │  └─ is-buffer@^1.0.2
│  ├─ lazy-cache@^0.2.3
│  └─ mixin-object@^2.0.1
├─ strip-ansi@2.0.1
│  └─ ansi-regex@^1.0.0
├─ supports-color@1.3.1
├─ walkdir@0.0.11
└─ wordwrap@0.0.3
Done in 0.16s.
yarn list v0.27.5
├─ ansi-regex@1.1.1
├─ ansi-styles@2.2.1
├─ async@2.5.0
│  └─ lodash@^4.14.0
├─ big.js@3.1.3
├─ chalk@1.0.0
│  ├─ ansi-styles@^2.0.1
│  ├─ escape-string-regexp@^1.0.2
│  ├─ has-ansi@^1.0.3
│  ├─ strip-ansi@^2.0.1
│  └─ supports-color@^1.3.0
├─ clone-deep@0.3.0
│  ├─ for-own@^1.0.0
│  ├─ is-plain-object@^2.0.1
│  ├─ kind-of@^3.2.2
│  └─ shallow-clone@^0.1.2
├─ coffee-loader@0.7.3
│  └─ loader-utils@^1.0.2
├─ coffee-script@1.12.7
├─ compass@0.1.1
├─ django@0.5.1
│  ├─ async@~0.9.0
│  ├─ async@0.9.2
│  ├─ chalk@~1.0.0
│  └─ extend@~2.0.0
├─ emojis-list@2.1.0
├─ escape-string-regexp@1.0.5
├─ extend@2.0.1
├─ for-in@1.0.2
├─ for-own@1.0.0
│  └─ for-in@^1.0.1
├─ get-stdin@4.0.1
├─ haml-coffee@1.14.1
│  ├─ coffee-script@>= 1.1.3
│  ├─ optimist@~0.6.0
│  └─ walkdir@~0.0.7
├─ haml-loader@0.1.0
│  ├─ haml-coffee@^1.14.1
│  ├─ loader-utils@0.2.17
│  │  ├─ big.js@^3.1.3
│  │  ├─ emojis-list@^2.0.0
│  │  ├─ json5@^0.5.0
│  │  └─ object-assign@^4.0.1
│  └─ loader-utils@0.2.x
├─ haml@0.4.3
├─ has-ansi@1.0.3
│  ├─ ansi-regex@^1.1.0
│  └─ get-stdin@^4.0.1
├─ is-buffer@1.1.5
├─ is-extendable@0.1.1
├─ is-plain-object@2.0.4
│  └─ isobject@^3.0.1
├─ isobject@3.0.1
├─ json5@0.5.1
├─ kind-of@3.2.2
│  └─ is-buffer@^1.1.5
├─ lazy-cache@0.2.7
├─ loader-utils@1.1.0
│  ├─ big.js@^3.1.3
│  ├─ emojis-list@^2.0.0
│  └─ json5@^0.5.0
├─ lodash.tail@4.1.1
├─ lodash@4.17.4
├─ minimist@0.0.10
├─ mixin-object@2.0.1
│  ├─ for-in@^0.1.3
│  ├─ for-in@0.1.8
│  └─ is-extendable@^0.1.1
├─ object-assign@4.1.1
├─ optimist@0.6.1
│  ├─ minimist@~0.0.1
│  └─ wordwrap@~0.0.2
├─ pify@3.0.0
├─ sass-loader@6.0.6
│  ├─ async@^2.1.5
│  ├─ clone-deep@^0.3.0
│  ├─ loader-utils@^1.0.1
│  ├─ lodash.tail@^4.1.1
│  └─ pify@^3.0.0
├─ sass@1.0.0-beta.2
├─ shallow-clone@0.1.2
│  ├─ is-extendable@^0.1.1
│  ├─ kind-of@^2.0.1
│  ├─ kind-of@2.0.1
│  │  └─ is-buffer@^1.0.2
│  ├─ lazy-cache@^0.2.3
│  └─ mixin-object@^2.0.1
├─ strip-ansi@2.0.1
│  └─ ansi-regex@^1.0.0
├─ supports-color@1.3.1
├─ walkdir@0.0.11
└─ wordwrap@0.0.3
Done in 0.16s.
